[2025-09-13 17:59:06.095 +08:00 DBG] Registered model binder providers, in the following order: ["Microsoft.AspNetCore.Mvc.ModelBinding.Binders.BinderTypeModelBinderProvider","Microsoft.AspNetCore.Mvc.ModelBinding.Binders.ServicesModelBinderProvider","Microsoft.AspNetCore.Mvc.ModelBinding.Binders.BodyModelBinderProvider","Microsoft.AspNetCore.Mvc.ModelBinding.Binders.HeaderModelBinderProvider","Microsoft.AspNetCore.Mvc.ModelBinding.Binders.FloatingPointTypeModelBinderProvider","Microsoft.AspNetCore.Mvc.ModelBinding.Binders.EnumTypeModelBinderProvider","Microsoft.AspNetCore.Mvc.ModelBinding.Binders.DateTimeModelBinderProvider","Microsoft.AspNetCore.Mvc.ModelBinding.Binders.SimpleTypeModelBinderProvider","Microsoft.AspNetCore.Mvc.ModelBinding.Binders.TryParseModelBinderProvider","Microsoft.AspNetCore.Mvc.ModelBinding.Binders.CancellationTokenModelBinderProvider","Microsoft.AspNetCore.Mvc.ModelBinding.Binders.ByteArrayModelBinderProvider","Microsoft.AspNetCore.Mvc.ModelBinding.Binders.FormFileModelBinderProvider","Microsoft.AspNetCore.Mvc.ModelBinding.Binders.FormCollectionModelBinderProvider","Microsoft.AspNetCore.Mvc.ModelBinding.Binders.KeyValuePairModelBinderProvider","Microsoft.AspNetCore.Mvc.ModelBinding.Binders.DictionaryModelBinderProvider","Microsoft.AspNetCore.Mvc.ModelBinding.Binders.ArrayModelBinderProvider","Microsoft.AspNetCore.Mvc.ModelBinding.Binders.CollectionModelBinderProvider","Microsoft.AspNetCore.Mvc.ModelBinding.Binders.ComplexObjectModelBinderProvider"]
[2025-09-13 17:59:06.126 +08:00 DBG] Hosting starting
[2025-09-13 17:59:06.142 +08:00 WRN] Overriding address(es) 'http://0.0.0.0:5174'. Binding to endpoints defined via IConfiguration and/or UseKestrel() instead.
[2025-09-13 17:59:06.153 +08:00 INF] Now listening on: http://[::]:5174
[2025-09-13 17:59:06.153 +08:00 INF] Now listening on: https://[::]:7214
[2025-09-13 17:59:06.153 +08:00 DBG] Loaded hosting startup assembly LprWebhookApi
[2025-09-13 17:59:06.154 +08:00 INF] Application started. Press Ctrl+C to shut down.
[2025-09-13 17:59:06.154 +08:00 INF] Hosting environment: Development
[2025-09-13 17:59:06.154 +08:00 INF] Content root path: /Users/tc/Desktop/TCDev2/LPR/LprWebhookApi
[2025-09-13 17:59:06.154 +08:00 DBG] Hosting started
[2025-09-13 18:02:28.826 +08:00 DBG] Connection id "0HNFILIIUH81T" accepted.
[2025-09-13 18:02:28.827 +08:00 DBG] Connection id "0HNFILIIUH81T" started.
[2025-09-13 18:02:28.847 +08:00 INF] Request starting HTTP/1.1 POST http://192.168.1.9:5174/api/Lpr/webhook - application/json 190
[2025-09-13 18:02:28.850 +08:00 DBG] Wildcard detected, all requests with hosts will be allowed.
[2025-09-13 18:02:28.857 +08:00 DBG] 1 candidate(s) found for the request path '/api/Lpr/webhook'
[2025-09-13 18:02:28.859 +08:00 DBG] Endpoint 'LprWebhookApi.Controllers.LprController.Webhook (LprWebhookApi)' with route pattern 'api/Lpr/webhook' is valid for the request path '/api/Lpr/webhook'
[2025-09-13 18:02:28.859 +08:00 DBG] Request matched endpoint 'LprWebhookApi.Controllers.LprController.Webhook (LprWebhookApi)'
[2025-09-13 18:02:28.865 +08:00 DBG] Static files was skipped as the request already matched an endpoint.
[2025-09-13 18:02:28.867 +08:00 DBG] Https port '7214' discovered from server endpoints.
[2025-09-13 18:02:28.868 +08:00 DBG] Redirecting to 'https://192.168.1.9:7214/api/Lpr/webhook'.
[2025-09-13 18:02:28.869 +08:00 DBG] Connection id "0HNFILIIUH81T" completed keep alive response.
[2025-09-13 18:02:28.870 +08:00 INF] Request finished HTTP/1.1 POST http://192.168.1.9:5174/api/Lpr/webhook - 307 0 null 23.9307ms
[2025-09-13 18:02:28.874 +08:00 DBG] Connection id "0HNFILIIUH81U" accepted.
[2025-09-13 18:02:28.874 +08:00 DBG] Connection id "0HNFILIIUH81T", Request id "0HNFILIIUH81T:00000001": started reading request body.
[2025-09-13 18:02:28.874 +08:00 DBG] Connection id "0HNFILIIUH81U" started.
[2025-09-13 18:02:28.874 +08:00 DBG] Connection id "0HNFILIIUH81T", Request id "0HNFILIIUH81T:00000001": done reading request body.
[2025-09-13 18:02:28.904 +08:00 DBG] Connection 0HNFILIIUH81U established using the following protocol: "Tls12"
[2025-09-13 18:02:28.907 +08:00 INF] Request starting HTTP/1.1 POST https://192.168.1.9:7214/api/Lpr/webhook - application/json 190
[2025-09-13 18:02:28.908 +08:00 DBG] 1 candidate(s) found for the request path '/api/Lpr/webhook'
[2025-09-13 18:02:28.908 +08:00 DBG] Endpoint 'LprWebhookApi.Controllers.LprController.Webhook (LprWebhookApi)' with route pattern 'api/Lpr/webhook' is valid for the request path '/api/Lpr/webhook'
[2025-09-13 18:02:28.908 +08:00 DBG] Request matched endpoint 'LprWebhookApi.Controllers.LprController.Webhook (LprWebhookApi)'
[2025-09-13 18:02:28.908 +08:00 DBG] Static files was skipped as the request already matched an endpoint.
[2025-09-13 18:02:28.909 +08:00 INF] Executing endpoint 'LprWebhookApi.Controllers.LprController.Webhook (LprWebhookApi)'
[2025-09-13 18:02:28.919 +08:00 INF] Route matched with {action = "Webhook", controller = "Lpr"}. Executing controller action with signature Microsoft.AspNetCore.Mvc.IActionResult Webhook(System.Object) on controller LprWebhookApi.Controllers.LprController (LprWebhookApi).
[2025-09-13 18:02:28.920 +08:00 DBG] Execution plan of authorization filters (in the following order): ["None"]
[2025-09-13 18:02:28.920 +08:00 DBG] Execution plan of resource filters (in the following order): ["None"]
[2025-09-13 18:02:28.920 +08:00 DBG] Execution plan of action filters (in the following order): ["Microsoft.AspNetCore.Mvc.ModelBinding.UnsupportedContentTypeFilter (Order: -3000)","Microsoft.AspNetCore.Mvc.Infrastructure.ModelStateInvalidFilter (Order: -2000)"]
[2025-09-13 18:02:28.921 +08:00 DBG] Execution plan of exception filters (in the following order): ["None"]
[2025-09-13 18:02:28.921 +08:00 DBG] Execution plan of result filters (in the following order): ["Microsoft.AspNetCore.Mvc.Infrastructure.ClientErrorResultFilter (Order: -2000)"]
[2025-09-13 18:02:28.921 +08:00 DBG] Executing controller factory for controller LprWebhookApi.Controllers.LprController (LprWebhookApi)
[2025-09-13 18:02:28.921 +08:00 DBG] Executed controller factory for controller LprWebhookApi.Controllers.LprController (LprWebhookApi)
[2025-09-13 18:02:28.923 +08:00 DBG] Attempting to bind parameter 'jsonPayload' of type 'System.Object' ...
[2025-09-13 18:02:28.923 +08:00 DBG] Attempting to bind parameter 'jsonPayload' of type 'System.Object' using the name '' in request data ...
[2025-09-13 18:02:28.924 +08:00 DBG] Selected input formatter 'Microsoft.AspNetCore.Mvc.Formatters.SystemTextJsonInputFormatter' for content type 'application/json'.
[2025-09-13 18:02:28.937 +08:00 DBG] Connection id "0HNFILIIUH81U", Request id "0HNFILIIUH81U:00000001": started reading request body.
[2025-09-13 18:02:28.938 +08:00 DBG] Connection id "0HNFILIIUH81U", Request id "0HNFILIIUH81U:00000001": done reading request body.
[2025-09-13 18:02:28.940 +08:00 DBG] JSON input formatter succeeded, deserializing to type 'System.Object'
[2025-09-13 18:02:28.941 +08:00 DBG] Done attempting to bind parameter 'jsonPayload' of type 'System.Object'.
[2025-09-13 18:02:28.941 +08:00 DBG] Done attempting to bind parameter 'jsonPayload' of type 'System.Object'.
[2025-09-13 18:02:28.941 +08:00 DBG] Attempting to validate the bound parameter 'jsonPayload' of type 'System.Object' ...
[2025-09-13 18:02:28.942 +08:00 DBG] Done attempting to validate the bound parameter 'jsonPayload' of type 'System.Object'.
[2025-09-13 18:02:28.945 +08:00 INF] === LPR Webhook Request Received ===
[2025-09-13 18:02:28.945 +08:00 INF] Remote IP: ::ffff:192.168.1.9
[2025-09-13 18:02:28.946 +08:00 INF] User-Agent: PostmanRuntime/7.43.3
[2025-09-13 18:02:28.946 +08:00 INF] Content-Type: application/json
[2025-09-13 18:02:28.946 +08:00 INF] Content-Length: 190
[2025-09-13 18:02:28.946 +08:00 INF] Timestamp: "2025-09-13T10:02:28.9462970Z"
[2025-09-13 18:02:28.946 +08:00 INF] === Request Headers ===
[2025-09-13 18:02:28.946 +08:00 INF] Header: Accept = */*
[2025-09-13 18:02:28.947 +08:00 INF] Header: Connection = keep-alive
[2025-09-13 18:02:28.947 +08:00 INF] Header: Host = 192.168.1.9:7214
[2025-09-13 18:02:28.947 +08:00 INF] Header: User-Agent = PostmanRuntime/7.43.3
[2025-09-13 18:02:28.947 +08:00 INF] Header: Accept-Encoding = gzip, deflate, br
[2025-09-13 18:02:28.947 +08:00 INF] Header: Cache-Control = no-cache
[2025-09-13 18:02:28.947 +08:00 INF] Header: Content-Type = application/json
[2025-09-13 18:02:28.947 +08:00 INF] Header: Referer = http://192.168.1.9:5174/api/Lpr/webhook
[2025-09-13 18:02:28.947 +08:00 INF] Header: Content-Length = 190
[2025-09-13 18:02:28.947 +08:00 INF] Header: Postman-Token = e3008e2c-ff80-490d-bcdd-baf05113f337
[2025-09-13 18:02:28.953 +08:00 INF] === JSON Payload ===
[2025-09-13 18:02:28.953 +08:00 INF] Raw JSON: {"license_plate":"ABC123","confidence":0.95,"timestamp":"2025-09-12T17:24:00Z","camera_id":"CAM001","location":{"latitude":37.7749,"longitude":-122.4194}}
[2025-09-13 18:02:28.954 +08:00 INF] Formatted JSON:
{
  "license_plate": "ABC123",
  "confidence": 0.95,
  "timestamp": "2025-09-12T17:24:00Z",
  "camera_id": "CAM001",
  "location": {
    "latitude": 37.7749,
    "longitude": -122.4194
  }
}
[2025-09-13 18:02:28.954 +08:00 INF] Structured JSON: {"ValueKind":"Object","$type":"JsonElement"}
[2025-09-13 18:02:28.955 +08:00 INF] === End of LPR Webhook Request ===
[2025-09-13 18:02:28.956 +08:00 DBG] List of registered output formatters, in the following order: ["Microsoft.AspNetCore.Mvc.Formatters.HttpNoContentOutputFormatter","Microsoft.AspNetCore.Mvc.Formatters.StringOutputFormatter","Microsoft.AspNetCore.Mvc.Formatters.StreamOutputFormatter","Microsoft.AspNetCore.Mvc.Formatters.SystemTextJsonOutputFormatter"]
[2025-09-13 18:02:28.956 +08:00 DBG] No information found on request to perform content negotiation.
[2025-09-13 18:02:28.956 +08:00 DBG] Attempting to select an output formatter without using a content type as no explicit content types were specified for the response.
[2025-09-13 18:02:28.956 +08:00 DBG] Attempting to select the first formatter in the output formatters list which can write the result.
[2025-09-13 18:02:28.957 +08:00 DBG] Selected output formatter 'Microsoft.AspNetCore.Mvc.Formatters.SystemTextJsonOutputFormatter' and content type 'application/json' to write the response.
[2025-09-13 18:02:28.957 +08:00 INF] Executing OkObjectResult, writing value of type '<>f__AnonymousType0`4[[System.String, System.Private.CoreLib, Version=8.0.0.0, Culture=neutral, PublicKeyToken=7cec85d7bea7798e],[System.String, System.Private.CoreLib, Version=8.0.0.0, Culture=neutral, PublicKeyToken=7cec85d7bea7798e],[System.DateTime, System.Private.CoreLib, Version=8.0.0.0, Culture=neutral, PublicKeyToken=7cec85d7bea7798e],[System.Int32, System.Private.CoreLib, Version=8.0.0.0, Culture=neutral, PublicKeyToken=7cec85d7bea7798e]]'.
[2025-09-13 18:02:28.971 +08:00 INF] Executed action LprWebhookApi.Controllers.LprController.Webhook (LprWebhookApi) in 49.6347ms
[2025-09-13 18:02:28.971 +08:00 INF] Executed endpoint 'LprWebhookApi.Controllers.LprController.Webhook (LprWebhookApi)'
[2025-09-13 18:02:28.972 +08:00 INF] HTTP POST /api/Lpr/webhook responded 200 in 62.7365 ms
[2025-09-13 18:02:28.973 +08:00 DBG] Connection id "0HNFILIIUH81U" completed keep alive response.
[2025-09-13 18:02:28.973 +08:00 INF] Request finished HTTP/1.1 POST https://192.168.1.9:7214/api/Lpr/webhook - 200 null application/json; charset=utf-8 65.7021ms
